<?xml version="1.0" encoding="UTF-8"?>
<testng-results skipped="0" failed="1" total="1" passed="0">
  <reporter-output>
  </reporter-output>
  <suite name="Default suite" duration-ms="33934" started-at="2020-12-09T05:09:24Z" finished-at="2020-12-09T05:09:58Z">
    <groups>
      <group name="cucumber">
        <method signature="AbstractTestNGCucumberTests.runScenario(cucumber.api.testng.PickleEventWrapper, cucumber.api.testng.CucumberFeatureWrapper)[pri:0, instance:testrunner_demo.TestRunnerwithTestng@43a25848]" name="runScenario" class="cucumber.api.testng.AbstractTestNGCucumberTests"/>
      </group> <!-- cucumber -->
    </groups>
    <test name="Default test" duration-ms="33934" started-at="2020-12-09T05:09:24Z" finished-at="2020-12-09T05:09:58Z">
      <class name="testrunner_demo.TestRunnerwithTestng">
        <test-method status="PASS" signature="setUpClass()[pri:0, instance:testrunner_demo.TestRunnerwithTestng@43a25848]" name="setUpClass" is-config="true" duration-ms="312" started-at="2020-12-09T10:39:24Z" finished-at="2020-12-09T10:39:24Z">
          <reporter-output>
          </reporter-output>
        </test-method> <!-- setUpClass -->
        <test-method status="FAIL" signature="runScenario(cucumber.api.testng.PickleEventWrapper, cucumber.api.testng.CucumberFeatureWrapper)[pri:0, instance:testrunner_demo.TestRunnerwithTestng@43a25848]" name="runScenario" duration-ms="33368" started-at="2020-12-09T10:39:25Z" description="Runs Cucumber Scenarios" data-provider="scenarios" finished-at="2020-12-09T10:39:58Z">
          <params>
            <param index="0">
              <value>
                <![CDATA["Failure in registration on leaving the first Name empty"]]>
              </value>
            </param>
            <param index="1">
              <value>
                <![CDATA["Registration Action"]]>
              </value>
            </param>
          </params>
          <exception class="org.openqa.selenium.WebDriverException">
            <message>
              <![CDATA[chrome not reachable
  (Session info: chrome=86.0.4240.198)
Build info: version: '3.14.0', revision: 'aacccce0', time: '2018-08-02T20:19:58.91Z'
System info: host: 'LAPTOP-185Q3FTV', ip: '192.168.2.102', os.name: 'Windows 10', os.arch: 'amd64', os.version: '10.0', java.version: '1.8.0_261'
Driver info: org.openqa.selenium.chrome.ChromeDriver
Capabilities {acceptInsecureCerts: false, browserName: chrome, browserVersion: 86.0.4240.198, chrome: {chromedriverVersion: 86.0.4240.22 (398b0743353ff..., userDataDir: C:\Users\zulka\AppData\Loca...}, goog:chromeOptions: {debuggerAddress: localhost:59104}, javascriptEnabled: true, networkConnectionEnabled: false, pageLoadStrategy: normal, platform: WINDOWS, platformName: WINDOWS, proxy: Proxy(), setWindowRect: true, strictFileInteractability: false, timeouts: {implicit: 0, pageLoad: 300000, script: 30000}, unhandledPromptBehavior: dismiss and notify, webauthn:virtualAuthenticators: true}
Session ID: 3a9e11a72bf5cdce56f0e66ca1e07c94
*** Element info: {Using=xpath, value=/html/body/div[4]/div[1]/div[4]/div[2]/form/div/div[2]/div[2]/div[2]/div[2]/span[2]/span}]]>
            </message>
            <full-stacktrace>
              <![CDATA[org.openqa.selenium.WebDriverException: chrome not reachable
  (Session info: chrome=86.0.4240.198)
Build info: version: '3.14.0', revision: 'aacccce0', time: '2018-08-02T20:19:58.91Z'
System info: host: 'LAPTOP-185Q3FTV', ip: '192.168.2.102', os.name: 'Windows 10', os.arch: 'amd64', os.version: '10.0', java.version: '1.8.0_261'
Driver info: org.openqa.selenium.chrome.ChromeDriver
Capabilities {acceptInsecureCerts: false, browserName: chrome, browserVersion: 86.0.4240.198, chrome: {chromedriverVersion: 86.0.4240.22 (398b0743353ff..., userDataDir: C:\Users\zulka\AppData\Loca...}, goog:chromeOptions: {debuggerAddress: localhost:59104}, javascriptEnabled: true, networkConnectionEnabled: false, pageLoadStrategy: normal, platform: WINDOWS, platformName: WINDOWS, proxy: Proxy(), setWindowRect: true, strictFileInteractability: false, timeouts: {implicit: 0, pageLoad: 300000, script: 30000}, unhandledPromptBehavior: dismiss and notify, webauthn:virtualAuthenticators: true}
Session ID: 3a9e11a72bf5cdce56f0e66ca1e07c94
*** Element info: {Using=xpath, value=/html/body/div[4]/div[1]/div[4]/div[2]/form/div/div[2]/div[2]/div[2]/div[2]/span[2]/span}
	at sun.reflect.NativeConstructorAccessorImpl.newInstance0(Native Method)
	at sun.reflect.NativeConstructorAccessorImpl.newInstance(Unknown Source)
	at sun.reflect.DelegatingConstructorAccessorImpl.newInstance(Unknown Source)
	at java.lang.reflect.Constructor.newInstance(Unknown Source)
	at org.openqa.selenium.remote.http.W3CHttpResponseCodec.createException(W3CHttpResponseCodec.java:187)
	at org.openqa.selenium.remote.http.W3CHttpResponseCodec.decode(W3CHttpResponseCodec.java:122)
	at org.openqa.selenium.remote.http.W3CHttpResponseCodec.decode(W3CHttpResponseCodec.java:49)
	at org.openqa.selenium.remote.HttpCommandExecutor.execute(HttpCommandExecutor.java:158)
	at org.openqa.selenium.remote.service.DriverCommandExecutor.execute(DriverCommandExecutor.java:83)
	at org.openqa.selenium.remote.RemoteWebDriver.execute(RemoteWebDriver.java:548)
	at org.openqa.selenium.remote.RemoteWebDriver.findElement(RemoteWebDriver.java:322)
	at org.openqa.selenium.remote.RemoteWebDriver.findElementByXPath(RemoteWebDriver.java:424)
	at org.openqa.selenium.By$ByXPath.findElement(By.java:353)
	at org.openqa.selenium.remote.RemoteWebDriver.findElement(RemoteWebDriver.java:314)
	at org.openqa.selenium.support.pagefactory.DefaultElementLocator.findElement(DefaultElementLocator.java:69)
	at org.openqa.selenium.support.pagefactory.internal.LocatingElementHandler.invoke(LocatingElementHandler.java:38)
	at com.sun.proxy.$Proxy16.getText(Unknown Source)
	at pageobject_demosite.register_demo.getmessage1(register_demo.java:129)
	at stepdefination_demo.RegisterDemo.display_firstname_alert_message(RegisterDemo.java:76)
	at ?.display firstname alert message(C:/salenium practice/com.sprint2.demo/target/test-classes/featurefiles/register_demo.feature:15)
]]>
            </full-stacktrace>
          </exception> <!-- org.openqa.selenium.WebDriverException -->
          <reporter-output>
          </reporter-output>
        </test-method> <!-- runScenario -->
        <test-method status="PASS" signature="tearDownClass()[pri:0, instance:testrunner_demo.TestRunnerwithTestng@43a25848]" name="tearDownClass" is-config="true" duration-ms="88" started-at="2020-12-09T10:39:58Z" finished-at="2020-12-09T10:39:58Z">
          <reporter-output>
          </reporter-output>
        </test-method> <!-- tearDownClass -->
      </class> <!-- testrunner_demo.TestRunnerwithTestng -->
    </test> <!-- Default test -->
  </suite> <!-- Default suite -->
</testng-results>
